{"C:\\Users\\Kauan\\Documents\\Conecta-Geracao\\apps\\backend\\src\\modules\\notifications\\notifications.module.ts": {"path":"C:\\Users\\Kauan\\Documents\\Conecta-Geracao\\apps\\backend\\src\\modules\\notifications\\notifications.module.ts","statementMap":{"0":{"start":{"line":1,"column":0},"end":{"line":1,"column":40}},"1":{"start":{"line":2,"column":0},"end":{"line":2,"column":86}},"2":{"start":{"line":3,"column":0},"end":{"line":3,"column":108}},"3":{"start":{"line":4,"column":0},"end":{"line":4,"column":100}},"4":{"start":{"line":5,"column":0},"end":{"line":5,"column":118}},"5":{"start":{"line":6,"column":0},"end":{"line":6,"column":104}},"6":{"start":{"line":7,"column":0},"end":{"line":7,"column":112}},"7":{"start":{"line":8,"column":0},"end":{"line":8,"column":99}},"8":{"start":{"line":9,"column":0},"end":{"line":9,"column":106}},"9":{"start":{"line":10,"column":0},"end":{"line":10,"column":128}},"10":{"start":{"line":11,"column":0},"end":{"line":11,"column":82}},"11":{"start":{"line":32,"column":7},"end":{"line":32,"column":null}},"12":{"start":{"line":32,"column":13},"end":{"line":32,"column":32}},"13":{"start":{"line":32,"column":13},"end":{"line":32,"column":null}}},"fnMap":{},"branchMap":{},"s":{"0":0,"1":0,"2":0,"3":0,"4":0,"5":0,"6":0,"7":0,"8":0,"9":0,"10":0,"11":0,"12":0,"13":0},"f":{},"b":{}}
,"C:\\Users\\Kauan\\Documents\\Conecta-Geracao\\apps\\backend\\src\\modules\\notifications\\application\\ports\\device-token.repository.ts": {"path":"C:\\Users\\Kauan\\Documents\\Conecta-Geracao\\apps\\backend\\src\\modules\\notifications\\application\\ports\\device-token.repository.ts","statementMap":{"0":{"start":{"line":3,"column":13},"end":{"line":3,"column":73}}},"fnMap":{},"branchMap":{},"s":{"0":3},"f":{},"b":{}}
,"C:\\Users\\Kauan\\Documents\\Conecta-Geracao\\apps\\backend\\src\\modules\\notifications\\application\\ports\\notification-preference.repository.ts": {"path":"C:\\Users\\Kauan\\Documents\\Conecta-Geracao\\apps\\backend\\src\\modules\\notifications\\application\\ports\\notification-preference.repository.ts","statementMap":{"0":{"start":{"line":3,"column":13},"end":{"line":5,"column":2}}},"fnMap":{},"branchMap":{},"s":{"0":4},"f":{},"b":{}}
,"C:\\Users\\Kauan\\Documents\\Conecta-Geracao\\apps\\backend\\src\\modules\\notifications\\application\\ports\\push-notification.provider.ts": {"path":"C:\\Users\\Kauan\\Documents\\Conecta-Geracao\\apps\\backend\\src\\modules\\notifications\\application\\ports\\push-notification.provider.ts","statementMap":{"0":{"start":{"line":9,"column":13},"end":{"line":9,"column":79}}},"fnMap":{},"branchMap":{},"s":{"0":0},"f":{},"b":{}}
,"C:\\Users\\Kauan\\Documents\\Conecta-Geracao\\apps\\backend\\src\\modules\\notifications\\application\\use-cases\\deactivate-device-token.use-case.ts": {"path":"C:\\Users\\Kauan\\Documents\\Conecta-Geracao\\apps\\backend\\src\\modules\\notifications\\application\\use-cases\\deactivate-device-token.use-case.ts","statementMap":{"0":{"start":{"line":1,"column":0},"end":{"line":1,"column":60}},"1":{"start":{"line":2,"column":0},"end":{"line":2,"column":60}},"2":{"start":{"line":3,"column":0},"end":{"line":3,"column":64}},"3":{"start":{"line":4,"column":0},"end":{"line":4,"column":67}},"4":{"start":{"line":5,"column":0},"end":{"line":5,"column":73}},"5":{"start":{"line":6,"column":0},"end":{"line":6,"column":null}},"6":{"start":{"line":12,"column":41},"end":{"line":43,"column":null}},"7":{"start":{"line":17,"column":21},"end":{"line":17,"column":56}},"8":{"start":{"line":13,"column":19},"end":{"line":13,"column":74}},"9":{"start":{"line":24,"column":4},"end":{"line":41,"column":5}},"10":{"start":{"line":25,"column":6},"end":{"line":25,"column":38}},"11":{"start":{"line":26,"column":6},"end":{"line":26,"column":29}},"12":{"start":{"line":27,"column":6},"end":{"line":27,"column":82}},"13":{"start":{"line":29,"column":6},"end":{"line":33,"column":9}},"14":{"start":{"line":35,"column":6},"end":{"line":35,"column":27}},"15":{"start":{"line":37,"column":6},"end":{"line":39,"column":7}},"16":{"start":{"line":38,"column":8},"end":{"line":38,"column":26}},"17":{"start":{"line":40,"column":6},"end":{"line":40,"column":18}},"18":{"start":{"line":12,"column":13},"end":{"line":12,"column":41}},"19":{"start":{"line":12,"column":13},"end":{"line":43,"column":null}}},"fnMap":{"0":{"name":"(anonymous_4)","decl":{"start":{"line":15,"column":2},"end":{"line":15,"column":null}},"loc":{"start":{"line":17,"column":56},"end":{"line":18,"column":6}}},"1":{"name":"(anonymous_5)","decl":{"start":{"line":20,"column":2},"end":{"line":20,"column":7}},"loc":{"start":{"line":22,"column":17},"end":{"line":42,"column":3}}}},"branchMap":{"0":{"loc":{"start":{"line":37,"column":6},"end":{"line":39,"column":7}},"type":"if","locations":[{"start":{"line":37,"column":6},"end":{"line":39,"column":7}}]}},"s":{"0":2,"1":2,"2":2,"3":2,"4":2,"5":2,"6":2,"7":2,"8":2,"9":2,"10":2,"11":2,"12":1,"13":1,"14":1,"15":1,"16":1,"17":0,"18":2,"19":2},"f":{"0":2,"1":2},"b":{"0":[1]}}
,"C:\\Users\\Kauan\\Documents\\Conecta-Geracao\\apps\\backend\\src\\modules\\notifications\\application\\use-cases\\get-notification-preference.use-case.ts": {"path":"C:\\Users\\Kauan\\Documents\\Conecta-Geracao\\apps\\backend\\src\\modules\\notifications\\application\\use-cases\\get-notification-preference.use-case.ts","statementMap":{"0":{"start":{"line":1,"column":0},"end":{"line":1,"column":52}},"1":{"start":{"line":2,"column":0},"end":{"line":2,"column":60}},"2":{"start":{"line":4,"column":0},"end":{"line":4,"column":64}},"3":{"start":{"line":5,"column":0},"end":{"line":5,"column":73}},"4":{"start":{"line":6,"column":0},"end":{"line":6,"column":null}},"5":{"start":{"line":12,"column":7},"end":{"line":32,"column":null}},"6":{"start":{"line":15,"column":21},"end":{"line":15,"column":66}},"7":{"start":{"line":21,"column":4},"end":{"line":30,"column":5}},"8":{"start":{"line":22,"column":6},"end":{"line":22,"column":38}},"9":{"start":{"line":23,"column":25},"end":{"line":23,"column":79}},"10":{"start":{"line":24,"column":6},"end":{"line":24,"column":28}},"11":{"start":{"line":26,"column":6},"end":{"line":28,"column":7}},"12":{"start":{"line":27,"column":8},"end":{"line":27,"column":26}},"13":{"start":{"line":29,"column":6},"end":{"line":29,"column":18}},"14":{"start":{"line":12,"column":13},"end":{"line":12,"column":45}},"15":{"start":{"line":12,"column":13},"end":{"line":32,"column":null}}},"fnMap":{"0":{"name":"(anonymous_4)","decl":{"start":{"line":13,"column":2},"end":{"line":13,"column":null}},"loc":{"start":{"line":15,"column":66},"end":{"line":16,"column":6}}},"1":{"name":"(anonymous_5)","decl":{"start":{"line":18,"column":2},"end":{"line":18,"column":7}},"loc":{"start":{"line":19,"column":23},"end":{"line":31,"column":3}}}},"branchMap":{"0":{"loc":{"start":{"line":26,"column":6},"end":{"line":28,"column":7}},"type":"if","locations":[{"start":{"line":26,"column":6},"end":{"line":28,"column":7}}]}},"s":{"0":2,"1":2,"2":2,"3":2,"4":2,"5":2,"6":1,"7":1,"8":1,"9":1,"10":1,"11":0,"12":0,"13":0,"14":2,"15":2},"f":{"0":1,"1":1},"b":{"0":[0]}}
,"C:\\Users\\Kauan\\Documents\\Conecta-Geracao\\apps\\backend\\src\\modules\\notifications\\application\\use-cases\\register-device-token.use-case.ts": {"path":"C:\\Users\\Kauan\\Documents\\Conecta-Geracao\\apps\\backend\\src\\modules\\notifications\\application\\use-cases\\register-device-token.use-case.ts","statementMap":{"0":{"start":{"line":1,"column":0},"end":{"line":1,"column":60}},"1":{"start":{"line":2,"column":0},"end":{"line":2,"column":60}},"2":{"start":{"line":3,"column":0},"end":{"line":3,"column":72}},"3":{"start":{"line":4,"column":0},"end":{"line":4,"column":64}},"4":{"start":{"line":5,"column":0},"end":{"line":5,"column":null}},"5":{"start":{"line":9,"column":0},"end":{"line":9,"column":null}},"6":{"start":{"line":15,"column":39},"end":{"line":50,"column":null}},"7":{"start":{"line":20,"column":21},"end":{"line":20,"column":56}},"8":{"start":{"line":22,"column":21},"end":{"line":22,"column":66}},"9":{"start":{"line":16,"column":19},"end":{"line":16,"column":72}},"10":{"start":{"line":30,"column":4},"end":{"line":48,"column":5}},"11":{"start":{"line":31,"column":26},"end":{"line":31,"column":80}},"12":{"start":{"line":32,"column":20},"end":{"line":32,"column":63}},"13":{"start":{"line":33,"column":6},"end":{"line":33,"column":61}},"14":{"start":{"line":35,"column":6},"end":{"line":40,"column":9}},"15":{"start":{"line":42,"column":6},"end":{"line":42,"column":23}},"16":{"start":{"line":44,"column":6},"end":{"line":46,"column":7}},"17":{"start":{"line":45,"column":8},"end":{"line":45,"column":26}},"18":{"start":{"line":47,"column":6},"end":{"line":47,"column":18}},"19":{"start":{"line":15,"column":13},"end":{"line":15,"column":39}},"20":{"start":{"line":15,"column":13},"end":{"line":50,"column":null}}},"fnMap":{"0":{"name":"(anonymous_4)","decl":{"start":{"line":18,"column":2},"end":{"line":18,"column":null}},"loc":{"start":{"line":22,"column":66},"end":{"line":23,"column":6}}},"1":{"name":"(anonymous_5)","decl":{"start":{"line":25,"column":2},"end":{"line":25,"column":7}},"loc":{"start":{"line":28,"column":20},"end":{"line":49,"column":3}}}},"branchMap":{"0":{"loc":{"start":{"line":44,"column":6},"end":{"line":46,"column":7}},"type":"if","locations":[{"start":{"line":44,"column":6},"end":{"line":46,"column":7}}]}},"s":{"0":2,"1":2,"2":2,"3":2,"4":2,"5":2,"6":2,"7":2,"8":2,"9":2,"10":2,"11":2,"12":1,"13":1,"14":1,"15":1,"16":1,"17":1,"18":0,"19":2,"20":2},"f":{"0":2,"1":2},"b":{"0":[1]}}
,"C:\\Users\\Kauan\\Documents\\Conecta-Geracao\\apps\\backend\\src\\modules\\notifications\\application\\use-cases\\update-notification-preference.use-case.ts": {"path":"C:\\Users\\Kauan\\Documents\\Conecta-Geracao\\apps\\backend\\src\\modules\\notifications\\application\\use-cases\\update-notification-preference.use-case.ts","statementMap":{"0":{"start":{"line":1,"column":0},"end":{"line":1,"column":60}},"1":{"start":{"line":2,"column":0},"end":{"line":2,"column":60}},"2":{"start":{"line":3,"column":0},"end":{"line":3,"column":94}},"3":{"start":{"line":4,"column":0},"end":{"line":4,"column":64}},"4":{"start":{"line":5,"column":0},"end":{"line":5,"column":73}},"5":{"start":{"line":6,"column":0},"end":{"line":6,"column":null}},"6":{"start":{"line":12,"column":48},"end":{"line":45,"column":null}},"7":{"start":{"line":17,"column":21},"end":{"line":17,"column":66}},"8":{"start":{"line":13,"column":19},"end":{"line":13,"column":81}},"9":{"start":{"line":24,"column":4},"end":{"line":43,"column":5}},"10":{"start":{"line":25,"column":6},"end":{"line":25,"column":38}},"11":{"start":{"line":26,"column":23},"end":{"line":26,"column":76}},"12":{"start":{"line":27,"column":19},"end":{"line":27,"column":80}},"13":{"start":{"line":28,"column":22},"end":{"line":28,"column":49}},"14":{"start":{"line":29,"column":20},"end":{"line":29,"column":58}},"15":{"start":{"line":31,"column":6},"end":{"line":35,"column":9}},"16":{"start":{"line":37,"column":6},"end":{"line":37,"column":23}},"17":{"start":{"line":39,"column":6},"end":{"line":41,"column":7}},"18":{"start":{"line":40,"column":8},"end":{"line":40,"column":26}},"19":{"start":{"line":42,"column":6},"end":{"line":42,"column":18}},"20":{"start":{"line":12,"column":13},"end":{"line":12,"column":48}},"21":{"start":{"line":12,"column":13},"end":{"line":45,"column":null}}},"fnMap":{"0":{"name":"(anonymous_4)","decl":{"start":{"line":15,"column":2},"end":{"line":15,"column":null}},"loc":{"start":{"line":17,"column":66},"end":{"line":18,"column":6}}},"1":{"name":"(anonymous_5)","decl":{"start":{"line":20,"column":2},"end":{"line":20,"column":7}},"loc":{"start":{"line":22,"column":20},"end":{"line":44,"column":3}}}},"branchMap":{"0":{"loc":{"start":{"line":27,"column":19},"end":{"line":27,"column":80}},"type":"binary-expr","locations":[{"start":{"line":27,"column":19},"end":{"line":27,"column":27}},{"start":{"line":27,"column":31},"end":{"line":27,"column":80}}]},"1":{"loc":{"start":{"line":39,"column":6},"end":{"line":41,"column":7}},"type":"if","locations":[{"start":{"line":39,"column":6},"end":{"line":41,"column":7}}]}},"s":{"0":2,"1":2,"2":2,"3":2,"4":2,"5":2,"6":2,"7":2,"8":2,"9":2,"10":2,"11":2,"12":2,"13":2,"14":2,"15":2,"16":2,"17":0,"18":0,"19":0,"20":2,"21":2},"f":{"0":2,"1":2},"b":{"0":[2,1],"1":[0]}}
,"C:\\Users\\Kauan\\Documents\\Conecta-Geracao\\apps\\backend\\src\\modules\\notifications\\domain\\entities\\device-token.entity.ts": {"path":"C:\\Users\\Kauan\\Documents\\Conecta-Geracao\\apps\\backend\\src\\modules\\notifications\\domain\\entities\\device-token.entity.ts","statementMap":{"0":{"start":{"line":1,"column":0},"end":{"line":1,"column":69}},"1":{"start":{"line":2,"column":0},"end":{"line":2,"column":57}},"2":{"start":{"line":3,"column":0},"end":{"line":3,"column":63}},"3":{"start":{"line":36,"column":4},"end":{"line":36,"column":23}},"4":{"start":{"line":37,"column":4},"end":{"line":37,"column":41}},"5":{"start":{"line":38,"column":4},"end":{"line":38,"column":29}},"6":{"start":{"line":39,"column":4},"end":{"line":39,"column":35}},"7":{"start":{"line":40,"column":4},"end":{"line":40,"column":35}},"8":{"start":{"line":41,"column":4},"end":{"line":41,"column":39}},"9":{"start":{"line":42,"column":4},"end":{"line":42,"column":37}},"10":{"start":{"line":43,"column":4},"end":{"line":43,"column":37}},"11":{"start":{"line":51,"column":16},"end":{"line":51,"column":53}},"12":{"start":{"line":52,"column":18},"end":{"line":52,"column":46}},"13":{"start":{"line":53,"column":21},"end":{"line":53,"column":58}},"14":{"start":{"line":54,"column":16},"end":{"line":54,"column":26}},"15":{"start":{"line":56,"column":4},"end":{"line":64,"column":7}},"16":{"start":{"line":68,"column":4},"end":{"line":77,"column":7}},"17":{"start":{"line":81,"column":16},"end":{"line":81,"column":26}},"18":{"start":{"line":82,"column":4},"end":{"line":91,"column":7}},"19":{"start":{"line":95,"column":4},"end":{"line":104,"column":7}},"20":{"start":{"line":16,"column":0},"end":{"line":16,"column":13}}},"fnMap":{"0":{"name":"(anonymous_0)","decl":{"start":{"line":26,"column":2},"end":{"line":26,"column":22}},"loc":{"start":{"line":35,"column":3},"end":{"line":44,"column":3}}},"1":{"name":"(anonymous_1)","decl":{"start":{"line":46,"column":2},"end":{"line":46,"column":8}},"loc":{"start":{"line":50,"column":3},"end":{"line":65,"column":3}}},"2":{"name":"(anonymous_2)","decl":{"start":{"line":67,"column":2},"end":{"line":67,"column":8}},"loc":{"start":{"line":67,"column":45},"end":{"line":78,"column":3}}},"3":{"name":"(anonymous_3)","decl":{"start":{"line":80,"column":2},"end":{"line":80,"column":17}},"loc":{"start":{"line":80,"column":17},"end":{"line":92,"column":3}}},"4":{"name":"(anonymous_4)","decl":{"start":{"line":94,"column":2},"end":{"line":94,"column":12}},"loc":{"start":{"line":94,"column":12},"end":{"line":105,"column":3}}}},"branchMap":{"0":{"loc":{"start":{"line":73,"column":16},"end":{"line":73,"column":38}},"type":"binary-expr","locations":[{"start":{"line":73,"column":16},"end":{"line":73,"column":30}},{"start":{"line":73,"column":34},"end":{"line":73,"column":38}}]},"1":{"loc":{"start":{"line":74,"column":18},"end":{"line":74,"column":48}},"type":"binary-expr","locations":[{"start":{"line":74,"column":18},"end":{"line":74,"column":34}},{"start":{"line":74,"column":38},"end":{"line":74,"column":48}}]},"2":{"loc":{"start":{"line":75,"column":17},"end":{"line":75,"column":46}},"type":"binary-expr","locations":[{"start":{"line":75,"column":17},"end":{"line":75,"column":32}},{"start":{"line":75,"column":36},"end":{"line":75,"column":46}}]},"3":{"loc":{"start":{"line":76,"column":17},"end":{"line":76,"column":46}},"type":"binary-expr","locations":[{"start":{"line":76,"column":17},"end":{"line":76,"column":32}},{"start":{"line":76,"column":36},"end":{"line":76,"column":46}}]}},"s":{"0":3,"1":3,"2":3,"3":4,"4":4,"5":4,"6":4,"7":4,"8":4,"9":4,"10":4,"11":2,"12":2,"13":1,"14":1,"15":1,"16":3,"17":0,"18":0,"19":0,"20":3},"f":{"0":4,"1":2,"2":3,"3":0,"4":0},"b":{"0":[3,0],"1":[3,0],"2":[3,0],"3":[3,0]}}
,"C:\\Users\\Kauan\\Documents\\Conecta-Geracao\\apps\\backend\\src\\modules\\notifications\\domain\\entities\\notification-preference.entity.ts": {"path":"C:\\Users\\Kauan\\Documents\\Conecta-Geracao\\apps\\backend\\src\\modules\\notifications\\domain\\entities\\notification-preference.entity.ts","statementMap":{"0":{"start":{"line":1,"column":0},"end":{"line":1,"column":63}},"1":{"start":{"line":22,"column":4},"end":{"line":22,"column":41}},"2":{"start":{"line":23,"column":4},"end":{"line":23,"column":33}},"3":{"start":{"line":24,"column":4},"end":{"line":24,"column":37}},"4":{"start":{"line":25,"column":4},"end":{"line":25,"column":37}},"5":{"start":{"line":29,"column":16},"end":{"line":29,"column":47}},"6":{"start":{"line":30,"column":16},"end":{"line":30,"column":26}},"7":{"start":{"line":31,"column":4},"end":{"line":36,"column":7}},"8":{"start":{"line":40,"column":4},"end":{"line":45,"column":7}},"9":{"start":{"line":49,"column":4},"end":{"line":54,"column":7}},"10":{"start":{"line":10,"column":0},"end":{"line":10,"column":13}}},"fnMap":{"0":{"name":"(anonymous_0)","decl":{"start":{"line":16,"column":2},"end":{"line":16,"column":22}},"loc":{"start":{"line":21,"column":3},"end":{"line":26,"column":3}}},"1":{"name":"(anonymous_1)","decl":{"start":{"line":28,"column":2},"end":{"line":28,"column":8}},"loc":{"start":{"line":28,"column":42},"end":{"line":37,"column":3}}},"2":{"name":"(anonymous_2)","decl":{"start":{"line":39,"column":2},"end":{"line":39,"column":8}},"loc":{"start":{"line":39,"column":56},"end":{"line":46,"column":3}}},"3":{"name":"(anonymous_3)","decl":{"start":{"line":48,"column":2},"end":{"line":48,"column":15}},"loc":{"start":{"line":48,"column":32},"end":{"line":55,"column":3}}}},"branchMap":{"0":{"loc":{"start":{"line":42,"column":15},"end":{"line":42,"column":36}},"type":"binary-expr","locations":[{"start":{"line":42,"column":15},"end":{"line":42,"column":28}},{"start":{"line":42,"column":32},"end":{"line":42,"column":36}}]},"1":{"loc":{"start":{"line":43,"column":17},"end":{"line":43,"column":46}},"type":"binary-expr","locations":[{"start":{"line":43,"column":17},"end":{"line":43,"column":32}},{"start":{"line":43,"column":36},"end":{"line":43,"column":46}}]},"2":{"loc":{"start":{"line":44,"column":17},"end":{"line":44,"column":46}},"type":"binary-expr","locations":[{"start":{"line":44,"column":17},"end":{"line":44,"column":32}},{"start":{"line":44,"column":36},"end":{"line":44,"column":46}}]}},"s":{"0":4,"1":11,"2":11,"3":11,"4":11,"5":3,"6":3,"7":3,"8":4,"9":4,"10":4},"f":{"0":11,"1":3,"2":4,"3":4},"b":{"0":[4,0],"1":[4,4],"2":[4,1]}}
,"C:\\Users\\Kauan\\Documents\\Conecta-Geracao\\apps\\backend\\src\\modules\\notifications\\domain\\errors\\domain.errors.ts": {"path":"C:\\Users\\Kauan\\Documents\\Conecta-Geracao\\apps\\backend\\src\\modules\\notifications\\domain\\errors\\domain.errors.ts","statementMap":{"0":{"start":{"line":12,"column":4},"end":{"line":12,"column":19}},"1":{"start":{"line":9,"column":20},"end":{"line":9,"column":41}},"2":{"start":{"line":13,"column":4},"end":{"line":13,"column":30}},"3":{"start":{"line":7,"column":0},"end":{"line":7,"column":13}},"4":{"start":{"line":19,"column":4},"end":{"line":19,"column":40}},"5":{"start":{"line":17,"column":0},"end":{"line":17,"column":13}},"6":{"start":{"line":25,"column":4},"end":{"line":25,"column":73}},"7":{"start":{"line":23,"column":0},"end":{"line":23,"column":13}},"8":{"start":{"line":31,"column":4},"end":{"line":31,"column":43}},"9":{"start":{"line":29,"column":0},"end":{"line":29,"column":13}},"10":{"start":{"line":37,"column":4},"end":{"line":37,"column":48}},"11":{"start":{"line":35,"column":0},"end":{"line":35,"column":13}}},"fnMap":{"0":{"name":"(anonymous_0)","decl":{"start":{"line":8,"column":2},"end":{"line":8,"column":null}},"loc":{"start":{"line":10,"column":19},"end":{"line":14,"column":3}}},"1":{"name":"(anonymous_1)","decl":{"start":{"line":18,"column":2},"end":{"line":18,"column":14}},"loc":{"start":{"line":18,"column":45},"end":{"line":20,"column":3}}},"2":{"name":"(anonymous_2)","decl":{"start":{"line":24,"column":2},"end":{"line":24,"column":14}},"loc":{"start":{"line":24,"column":30},"end":{"line":26,"column":3}}},"3":{"name":"(anonymous_3)","decl":{"start":{"line":30,"column":2},"end":{"line":30,"column":14}},"loc":{"start":{"line":30,"column":60},"end":{"line":32,"column":3}}},"4":{"name":"(anonymous_4)","decl":{"start":{"line":36,"column":2},"end":{"line":36,"column":14}},"loc":{"start":{"line":36,"column":29},"end":{"line":38,"column":3}}}},"branchMap":{"0":{"loc":{"start":{"line":18,"column":14},"end":{"line":18,"column":45}},"type":"default-arg","locations":[{"start":{"line":18,"column":24},"end":{"line":18,"column":45}}]},"1":{"loc":{"start":{"line":30,"column":14},"end":{"line":30,"column":60}},"type":"default-arg","locations":[{"start":{"line":30,"column":24},"end":{"line":30,"column":60}}]}},"s":{"0":9,"1":9,"2":9,"3":11,"4":5,"5":11,"6":1,"7":11,"8":1,"9":11,"10":2,"11":11},"f":{"0":9,"1":5,"2":1,"3":1,"4":2},"b":{"0":[1],"1":[1]}}
,"C:\\Users\\Kauan\\Documents\\Conecta-Geracao\\apps\\backend\\src\\modules\\notifications\\domain\\services\\push-notification-payload.policy.ts": {"path":"C:\\Users\\Kauan\\Documents\\Conecta-Geracao\\apps\\backend\\src\\modules\\notifications\\domain\\services\\push-notification-payload.policy.ts","statementMap":{"0":{"start":{"line":1,"column":0},"end":{"line":1,"column":44}},"1":{"start":{"line":5,"column":7},"end":{"line":13,"column":null}},"2":{"start":{"line":9,"column":4},"end":{"line":11,"column":5}},"3":{"start":{"line":10,"column":6},"end":{"line":10,"column":60}},"4":{"start":{"line":5,"column":13},"end":{"line":5,"column":42}},"5":{"start":{"line":5,"column":13},"end":{"line":13,"column":null}}},"fnMap":{"0":{"name":"(anonymous_1)","decl":{"start":{"line":6,"column":2},"end":{"line":6,"column":19}},"loc":{"start":{"line":6,"column":50},"end":{"line":12,"column":3}}}},"branchMap":{"0":{"loc":{"start":{"line":9,"column":4},"end":{"line":11,"column":5}},"type":"if","locations":[{"start":{"line":9,"column":4},"end":{"line":11,"column":5}}]},"1":{"loc":{"start":{"line":9,"column":8},"end":{"line":9,"column":75}},"type":"binary-expr","locations":[{"start":{"line":9,"column":8},"end":{"line":9,"column":27}},{"start":{"line":9,"column":31},"end":{"line":9,"column":49}},{"start":{"line":9,"column":53},"end":{"line":9,"column":75}}]}},"s":{"0":1,"1":1,"2":1,"3":0,"4":1,"5":1},"f":{"0":1},"b":{"0":[0],"1":[1,1,1]}}
,"C:\\Users\\Kauan\\Documents\\Conecta-Geracao\\apps\\backend\\src\\modules\\notifications\\domain\\value-objects\\device-platform.vo.ts": {"path":"C:\\Users\\Kauan\\Documents\\Conecta-Geracao\\apps\\backend\\src\\modules\\notifications\\domain\\value-objects\\device-platform.vo.ts","statementMap":{"0":{"start":{"line":1,"column":0},"end":{"line":1,"column":69}},"1":{"start":{"line":6,"column":38},"end":{"line":6,"column":64}},"2":{"start":{"line":9,"column":4},"end":{"line":11,"column":5}},"3":{"start":{"line":10,"column":6},"end":{"line":10,"column":37}},"4":{"start":{"line":12,"column":4},"end":{"line":12,"column":46}},"5":{"start":{"line":5,"column":0},"end":{"line":5,"column":13}}},"fnMap":{"0":{"name":"(anonymous_0)","decl":{"start":{"line":6,"column":2},"end":{"line":6,"column":38}},"loc":{"start":{"line":6,"column":64},"end":{"line":6,"column":68}}},"1":{"name":"(anonymous_1)","decl":{"start":{"line":8,"column":2},"end":{"line":8,"column":8}},"loc":{"start":{"line":8,"column":27},"end":{"line":13,"column":3}}}},"branchMap":{"0":{"loc":{"start":{"line":9,"column":4},"end":{"line":11,"column":5}},"type":"if","locations":[{"start":{"line":9,"column":4},"end":{"line":11,"column":5}}]},"1":{"loc":{"start":{"line":9,"column":8},"end":{"line":9,"column":42}},"type":"binary-expr","locations":[{"start":{"line":9,"column":8},"end":{"line":9,"column":21}},{"start":{"line":9,"column":25},"end":{"line":9,"column":42}}]}},"s":{"0":4,"1":6,"2":7,"3":6,"4":1,"5":4},"f":{"0":6,"1":7},"b":{"0":[6],"1":[7,5]}}
,"C:\\Users\\Kauan\\Documents\\Conecta-Geracao\\apps\\backend\\src\\modules\\notifications\\domain\\value-objects\\fcm-token.vo.ts": {"path":"C:\\Users\\Kauan\\Documents\\Conecta-Geracao\\apps\\backend\\src\\modules\\notifications\\domain\\value-objects\\fcm-token.vo.ts","statementMap":{"0":{"start":{"line":1,"column":0},"end":{"line":1,"column":63}},"1":{"start":{"line":3,"column":19},"end":{"line":3,"column":21}},"2":{"start":{"line":6,"column":38},"end":{"line":6,"column":51}},"3":{"start":{"line":9,"column":20},"end":{"line":9,"column":30}},"4":{"start":{"line":10,"column":4},"end":{"line":14,"column":5}},"5":{"start":{"line":11,"column":6},"end":{"line":13,"column":8}},"6":{"start":{"line":15,"column":4},"end":{"line":15,"column":33}},"7":{"start":{"line":5,"column":0},"end":{"line":5,"column":13}}},"fnMap":{"0":{"name":"(anonymous_0)","decl":{"start":{"line":6,"column":2},"end":{"line":6,"column":38}},"loc":{"start":{"line":6,"column":51},"end":{"line":6,"column":55}}},"1":{"name":"(anonymous_1)","decl":{"start":{"line":8,"column":2},"end":{"line":8,"column":8}},"loc":{"start":{"line":8,"column":27},"end":{"line":16,"column":3}}}},"branchMap":{"0":{"loc":{"start":{"line":10,"column":4},"end":{"line":14,"column":5}},"type":"if","locations":[{"start":{"line":10,"column":4},"end":{"line":14,"column":5}}]}},"s":{"0":5,"1":5,"2":6,"3":10,"4":10,"5":4,"6":6,"7":5},"f":{"0":6,"1":10},"b":{"0":[4]}}
,"C:\\Users\\Kauan\\Documents\\Conecta-Geracao\\apps\\backend\\src\\modules\\notifications\\domain\\value-objects\\firebase-uid.vo.ts": {"path":"C:\\Users\\Kauan\\Documents\\Conecta-Geracao\\apps\\backend\\src\\modules\\notifications\\domain\\value-objects\\firebase-uid.vo.ts","statementMap":{"0":{"start":{"line":1,"column":0},"end":{"line":1,"column":66}},"1":{"start":{"line":4,"column":38},"end":{"line":4,"column":51}},"2":{"start":{"line":7,"column":20},"end":{"line":7,"column":30}},"3":{"start":{"line":8,"column":4},"end":{"line":10,"column":5}},"4":{"start":{"line":9,"column":6},"end":{"line":9,"column":42}},"5":{"start":{"line":11,"column":4},"end":{"line":11,"column":36}},"6":{"start":{"line":3,"column":0},"end":{"line":3,"column":13}}},"fnMap":{"0":{"name":"(anonymous_0)","decl":{"start":{"line":4,"column":2},"end":{"line":4,"column":38}},"loc":{"start":{"line":4,"column":51},"end":{"line":4,"column":55}}},"1":{"name":"(anonymous_1)","decl":{"start":{"line":6,"column":2},"end":{"line":6,"column":8}},"loc":{"start":{"line":6,"column":27},"end":{"line":12,"column":3}}}},"branchMap":{"0":{"loc":{"start":{"line":8,"column":4},"end":{"line":10,"column":5}},"type":"if","locations":[{"start":{"line":8,"column":4},"end":{"line":10,"column":5}}]}},"s":{"0":7,"1":11,"2":12,"3":12,"4":1,"5":11,"6":7},"f":{"0":11,"1":12},"b":{"0":[1]}}
,"C:\\Users\\Kauan\\Documents\\Conecta-Geracao\\apps\\backend\\src\\modules\\notifications\\domain\\value-objects\\notification-type.vo.ts": {"path":"C:\\Users\\Kauan\\Documents\\Conecta-Geracao\\apps\\backend\\src\\modules\\notifications\\domain\\value-objects\\notification-type.vo.ts","statementMap":{"0":{"start":{"line":4,"column":38},"end":{"line":4,"column":66}},"1":{"start":{"line":7,"column":4},"end":{"line":7,"column":44}},"2":{"start":{"line":11,"column":4},"end":{"line":11,"column":47}},"3":{"start":{"line":15,"column":4},"end":{"line":15,"column":39}},"4":{"start":{"line":19,"column":4},"end":{"line":19,"column":44}},"5":{"start":{"line":23,"column":4},"end":{"line":34,"column":5}},"6":{"start":{"line":25,"column":8},"end":{"line":25,"column":43}},"7":{"start":{"line":27,"column":8},"end":{"line":27,"column":45}},"8":{"start":{"line":29,"column":8},"end":{"line":29,"column":38}},"9":{"start":{"line":31,"column":8},"end":{"line":31,"column":43}},"10":{"start":{"line":33,"column":8},"end":{"line":33,"column":64}},"11":{"start":{"line":3,"column":0},"end":{"line":3,"column":13}}},"fnMap":{"0":{"name":"(anonymous_0)","decl":{"start":{"line":4,"column":2},"end":{"line":4,"column":38}},"loc":{"start":{"line":4,"column":66},"end":{"line":4,"column":70}}},"1":{"name":"(anonymous_1)","decl":{"start":{"line":6,"column":2},"end":{"line":6,"column":8}},"loc":{"start":{"line":6,"column":17},"end":{"line":8,"column":3}}},"2":{"name":"(anonymous_2)","decl":{"start":{"line":10,"column":2},"end":{"line":10,"column":8}},"loc":{"start":{"line":10,"column":19},"end":{"line":12,"column":3}}},"3":{"name":"(anonymous_3)","decl":{"start":{"line":14,"column":2},"end":{"line":14,"column":8}},"loc":{"start":{"line":14,"column":12},"end":{"line":16,"column":3}}},"4":{"name":"(anonymous_4)","decl":{"start":{"line":18,"column":2},"end":{"line":18,"column":8}},"loc":{"start":{"line":18,"column":17},"end":{"line":20,"column":3}}},"5":{"name":"(anonymous_5)","decl":{"start":{"line":22,"column":2},"end":{"line":22,"column":8}},"loc":{"start":{"line":22,"column":27},"end":{"line":35,"column":3}}}},"branchMap":{"0":{"loc":{"start":{"line":23,"column":4},"end":{"line":34,"column":5}},"type":"switch","locations":[{"start":{"line":24,"column":6},"end":{"line":25,"column":43}},{"start":{"line":26,"column":6},"end":{"line":27,"column":45}},{"start":{"line":28,"column":6},"end":{"line":29,"column":38}},{"start":{"line":30,"column":6},"end":{"line":31,"column":43}},{"start":{"line":32,"column":6},"end":{"line":33,"column":64}}]}},"s":{"0":6,"1":3,"2":1,"3":1,"4":1,"5":6,"6":2,"7":1,"8":1,"9":1,"10":1,"11":3},"f":{"0":6,"1":3,"2":1,"3":1,"4":1,"5":6},"b":{"0":[2,1,1,1,1]}}
,"C:\\Users\\Kauan\\Documents\\Conecta-Geracao\\apps\\backend\\src\\modules\\notifications\\domain\\value-objects\\push-notification.vo.ts": {"path":"C:\\Users\\Kauan\\Documents\\Conecta-Geracao\\apps\\backend\\src\\modules\\notifications\\domain\\value-objects\\push-notification.vo.ts","statementMap":{"0":{"start":{"line":1,"column":0},"end":{"line":1,"column":71}},"1":{"start":{"line":2,"column":0},"end":{"line":2,"column":81}},"2":{"start":{"line":12,"column":27},"end":{"line":17,"column":2}},"3":{"start":{"line":33,"column":4},"end":{"line":33,"column":27}},"4":{"start":{"line":34,"column":4},"end":{"line":34,"column":29}},"5":{"start":{"line":35,"column":4},"end":{"line":35,"column":27}},"6":{"start":{"line":36,"column":4},"end":{"line":36,"column":35}},"7":{"start":{"line":37,"column":4},"end":{"line":37,"column":47}},"8":{"start":{"line":41,"column":18},"end":{"line":41,"column":36}},"9":{"start":{"line":42,"column":17},"end":{"line":42,"column":34}},"10":{"start":{"line":43,"column":21},"end":{"line":43,"column":42}},"11":{"start":{"line":45,"column":4},"end":{"line":49,"column":5}},"12":{"start":{"line":46,"column":6},"end":{"line":48,"column":8}},"13":{"start":{"line":51,"column":21},"end":{"line":51,"column":51}},"14":{"start":{"line":52,"column":4},"end":{"line":58,"column":5}},"15":{"start":{"line":53,"column":6},"end":{"line":57,"column":7}},"16":{"start":{"line":54,"column":8},"end":{"line":56,"column":10}},"17":{"start":{"line":60,"column":4},"end":{"line":66,"column":7}},"18":{"start":{"line":19,"column":0},"end":{"line":19,"column":13}}},"fnMap":{"0":{"name":"(anonymous_0)","decl":{"start":{"line":26,"column":2},"end":{"line":26,"column":22}},"loc":{"start":{"line":32,"column":3},"end":{"line":38,"column":3}}},"1":{"name":"(anonymous_1)","decl":{"start":{"line":40,"column":2},"end":{"line":40,"column":8}},"loc":{"start":{"line":40,"column":44},"end":{"line":67,"column":3}}}},"branchMap":{"0":{"loc":{"start":{"line":45,"column":4},"end":{"line":49,"column":5}},"type":"if","locations":[{"start":{"line":45,"column":4},"end":{"line":49,"column":5}}]},"1":{"loc":{"start":{"line":45,"column":8},"end":{"line":45,"column":36}},"type":"binary-expr","locations":[{"start":{"line":45,"column":8},"end":{"line":45,"column":14}},{"start":{"line":45,"column":18},"end":{"line":45,"column":23}},{"start":{"line":45,"column":27},"end":{"line":45,"column":36}}]},"2":{"loc":{"start":{"line":53,"column":6},"end":{"line":57,"column":7}},"type":"if","locations":[{"start":{"line":53,"column":6},"end":{"line":57,"column":7}}]},"3":{"loc":{"start":{"line":65,"column":22},"end":{"line":65,"column":58}},"type":"binary-expr","locations":[{"start":{"line":65,"column":22},"end":{"line":65,"column":50}},{"start":{"line":65,"column":54},"end":{"line":65,"column":58}}]}},"s":{"0":2,"1":2,"2":2,"3":2,"4":2,"5":2,"6":2,"7":2,"8":4,"9":4,"10":4,"11":4,"12":1,"13":3,"14":3,"15":12,"16":1,"17":2,"18":2},"f":{"0":2,"1":4},"b":{"0":[1],"1":[4,3,3],"2":[1],"3":[2,1]}}
,"C:\\Users\\Kauan\\Documents\\Conecta-Geracao\\apps\\backend\\src\\modules\\notifications\\infrastructure\\persistence\\prisma-device-token.repository.ts": {"path":"C:\\Users\\Kauan\\Documents\\Conecta-Geracao\\apps\\backend\\src\\modules\\notifications\\infrastructure\\persistence\\prisma-device-token.repository.ts","statementMap":{"0":{"start":{"line":1,"column":0},"end":{"line":1,"column":44}},"1":{"start":{"line":3,"column":0},"end":{"line":3,"column":73}},"2":{"start":{"line":5,"column":0},"end":{"line":5,"column":72}},"3":{"start":{"line":6,"column":0},"end":{"line":6,"column":79}},"4":{"start":{"line":7,"column":0},"end":{"line":7,"column":67}},"5":{"start":{"line":10,"column":7},"end":{"line":77,"column":null}},"6":{"start":{"line":11,"column":31},"end":{"line":11,"column":39}},"7":{"start":{"line":14,"column":16},"end":{"line":33,"column":6}},"8":{"start":{"line":35,"column":4},"end":{"line":35,"column":30}},"9":{"start":{"line":39,"column":17},"end":{"line":42,"column":6}},"10":{"start":{"line":43,"column":4},"end":{"line":43,"column":49}},"11":{"start":{"line":43,"column":29},"end":{"line":43,"column":47}},"12":{"start":{"line":50,"column":4},"end":{"line":53,"column":7}},"13":{"start":{"line":66,"column":4},"end":{"line":75,"column":7}},"14":{"start":{"line":10,"column":13},"end":{"line":10,"column":40}},"15":{"start":{"line":10,"column":13},"end":{"line":77,"column":null}}},"fnMap":{"0":{"name":"(anonymous_2)","decl":{"start":{"line":11,"column":2},"end":{"line":11,"column":31}},"loc":{"start":{"line":11,"column":52},"end":{"line":11,"column":56}}},"1":{"name":"(anonymous_3)","decl":{"start":{"line":13,"column":2},"end":{"line":13,"column":7}},"loc":{"start":{"line":13,"column":33},"end":{"line":36,"column":3}}},"2":{"name":"(anonymous_4)","decl":{"start":{"line":38,"column":2},"end":{"line":38,"column":7}},"loc":{"start":{"line":38,"column":51},"end":{"line":44,"column":3}}},"3":{"name":"(anonymous_5)","decl":{"start":{"line":43,"column":20},"end":{"line":43,"column":21}},"loc":{"start":{"line":43,"column":29},"end":{"line":43,"column":47}}},"4":{"name":"(anonymous_6)","decl":{"start":{"line":46,"column":2},"end":{"line":46,"column":7}},"loc":{"start":{"line":48,"column":20},"end":{"line":54,"column":3}}},"5":{"name":"(anonymous_7)","decl":{"start":{"line":56,"column":10},"end":{"line":56,"column":18}},"loc":{"start":{"line":65,"column":3},"end":{"line":76,"column":3}}}},"branchMap":{},"s":{"0":0,"1":0,"2":0,"3":0,"4":0,"5":0,"6":0,"7":0,"8":0,"9":0,"10":0,"11":0,"12":0,"13":0,"14":0,"15":0},"f":{"0":0,"1":0,"2":0,"3":0,"4":0,"5":0},"b":{}}
,"C:\\Users\\Kauan\\Documents\\Conecta-Geracao\\apps\\backend\\src\\modules\\notifications\\infrastructure\\persistence\\prisma-notification-preference.repository.ts": {"path":"C:\\Users\\Kauan\\Documents\\Conecta-Geracao\\apps\\backend\\src\\modules\\notifications\\infrastructure\\persistence\\prisma-notification-preference.repository.ts","statementMap":{"0":{"start":{"line":1,"column":0},"end":{"line":1,"column":44}},"1":{"start":{"line":2,"column":0},"end":{"line":2,"column":73}},"2":{"start":{"line":4,"column":0},"end":{"line":4,"column":94}},"3":{"start":{"line":7,"column":7},"end":{"line":53,"column":null}},"4":{"start":{"line":10,"column":31},"end":{"line":10,"column":39}},"5":{"start":{"line":13,"column":16},"end":{"line":15,"column":6}},"6":{"start":{"line":16,"column":4},"end":{"line":16,"column":26}},"7":{"start":{"line":16,"column":14},"end":{"line":16,"column":26}},"8":{"start":{"line":17,"column":4},"end":{"line":17,"column":30}},"9":{"start":{"line":21,"column":16},"end":{"line":30,"column":6}},"10":{"start":{"line":31,"column":4},"end":{"line":31,"column":30}},"11":{"start":{"line":35,"column":21},"end":{"line":35,"column":62}},"12":{"start":{"line":36,"column":4},"end":{"line":36,"column":34}},"13":{"start":{"line":36,"column":18},"end":{"line":36,"column":34}},"14":{"start":{"line":37,"column":4},"end":{"line":37,"column":74}},"15":{"start":{"line":46,"column":4},"end":{"line":51,"column":7}},"16":{"start":{"line":7,"column":13},"end":{"line":7,"column":51}},"17":{"start":{"line":7,"column":13},"end":{"line":53,"column":null}}},"fnMap":{"0":{"name":"(anonymous_2)","decl":{"start":{"line":10,"column":2},"end":{"line":10,"column":31}},"loc":{"start":{"line":10,"column":52},"end":{"line":10,"column":56}}},"1":{"name":"(anonymous_3)","decl":{"start":{"line":12,"column":2},"end":{"line":12,"column":7}},"loc":{"start":{"line":12,"column":45},"end":{"line":18,"column":3}}},"2":{"name":"(anonymous_4)","decl":{"start":{"line":20,"column":2},"end":{"line":20,"column":7}},"loc":{"start":{"line":20,"column":49},"end":{"line":32,"column":3}}},"3":{"name":"(anonymous_5)","decl":{"start":{"line":34,"column":2},"end":{"line":34,"column":7}},"loc":{"start":{"line":34,"column":46},"end":{"line":38,"column":3}}},"4":{"name":"(anonymous_6)","decl":{"start":{"line":40,"column":10},"end":{"line":40,"column":18}},"loc":{"start":{"line":45,"column":3},"end":{"line":52,"column":3}}}},"branchMap":{"0":{"loc":{"start":{"line":16,"column":4},"end":{"line":16,"column":26}},"type":"if","locations":[{"start":{"line":16,"column":4},"end":{"line":16,"column":26}}]},"1":{"loc":{"start":{"line":36,"column":4},"end":{"line":36,"column":34}},"type":"if","locations":[{"start":{"line":36,"column":4},"end":{"line":36,"column":34}}]}},"s":{"0":0,"1":0,"2":0,"3":0,"4":0,"5":0,"6":0,"7":0,"8":0,"9":0,"10":0,"11":0,"12":0,"13":0,"14":0,"15":0,"16":0,"17":0},"f":{"0":0,"1":0,"2":0,"3":0,"4":0},"b":{"0":[0],"1":[0]}}
,"C:\\Users\\Kauan\\Documents\\Conecta-Geracao\\apps\\backend\\src\\modules\\notifications\\presentation\\notifications.controller.ts": {"path":"C:\\Users\\Kauan\\Documents\\Conecta-Geracao\\apps\\backend\\src\\modules\\notifications\\presentation\\notifications.controller.ts","statementMap":{"0":{"start":{"line":1,"column":0},"end":{"line":1,"column":null}},"1":{"start":{"line":12,"column":0},"end":{"line":12,"column":71}},"2":{"start":{"line":13,"column":0},"end":{"line":13,"column":45}},"3":{"start":{"line":14,"column":0},"end":{"line":14,"column":77}},"4":{"start":{"line":15,"column":0},"end":{"line":15,"column":93}},"5":{"start":{"line":17,"column":0},"end":{"line":17,"column":101}},"6":{"start":{"line":18,"column":0},"end":{"line":18,"column":119}},"7":{"start":{"line":19,"column":0},"end":{"line":19,"column":105}},"8":{"start":{"line":20,"column":0},"end":{"line":20,"column":113}},"9":{"start":{"line":21,"column":0},"end":{"line":21,"column":73}},"10":{"start":{"line":22,"column":0},"end":{"line":22,"column":91}},"11":{"start":{"line":23,"column":0},"end":{"line":23,"column":77}},"12":{"start":{"line":24,"column":0},"end":{"line":24,"column":null}},"13":{"start":{"line":33,"column":7},"end":{"line":95,"column":null}},"14":{"start":{"line":35,"column":21},"end":{"line":35,"column":42}},"15":{"start":{"line":36,"column":21},"end":{"line":36,"column":51}},"16":{"start":{"line":37,"column":21},"end":{"line":37,"column":44}},"17":{"start":{"line":38,"column":21},"end":{"line":38,"column":48}},"18":{"start":{"line":48,"column":19},"end":{"line":51,"column":null}},"19":{"start":{"line":53,"column":4},"end":{"line":53,"column":60}},"20":{"start":{"line":53,"column":20},"end":{"line":53,"column":60}},"21":{"start":{"line":54,"column":4},"end":{"line":54,"column":42}},"22":{"start":{"line":64,"column":19},"end":{"line":64,"column":80}},"23":{"start":{"line":65,"column":4},"end":{"line":65,"column":60}},"24":{"start":{"line":65,"column":20},"end":{"line":65,"column":60}},"25":{"start":{"line":71,"column":19},"end":{"line":71,"column":73}},"26":{"start":{"line":72,"column":4},"end":{"line":72,"column":60}},"27":{"start":{"line":72,"column":20},"end":{"line":72,"column":60}},"28":{"start":{"line":73,"column":4},"end":{"line":73,"column":53}},"29":{"start":{"line":82,"column":19},"end":{"line":84,"column":null}},"30":{"start":{"line":86,"column":4},"end":{"line":86,"column":60}},"31":{"start":{"line":86,"column":20},"end":{"line":86,"column":60}},"32":{"start":{"line":87,"column":4},"end":{"line":87,"column":53}},"33":{"start":{"line":91,"column":4},"end":{"line":93,"column":7}},"34":{"start":{"line":33,"column":13},"end":{"line":33,"column":36}},"35":{"start":{"line":44,"column":8},"end":{"line":55,"column":null}},"36":{"start":{"line":60,"column":8},"end":{"line":66,"column":null}},"37":{"start":{"line":70,"column":8},"end":{"line":74,"column":null}},"38":{"start":{"line":78,"column":8},"end":{"line":88,"column":null}},"39":{"start":{"line":33,"column":13},"end":{"line":95,"column":null}}},"fnMap":{"0":{"name":"(anonymous_4)","decl":{"start":{"line":34,"column":2},"end":{"line":34,"column":null}},"loc":{"start":{"line":38,"column":80},"end":{"line":39,"column":6}}},"1":{"name":"(anonymous_5)","decl":{"start":{"line":44,"column":2},"end":{"line":44,"column":7}},"loc":{"start":{"line":46,"column":39},"end":{"line":55,"column":3}}},"2":{"name":"(anonymous_6)","decl":{"start":{"line":60,"column":2},"end":{"line":60,"column":7}},"loc":{"start":{"line":62,"column":41},"end":{"line":66,"column":3}}},"3":{"name":"(anonymous_7)","decl":{"start":{"line":70,"column":2},"end":{"line":70,"column":7}},"loc":{"start":{"line":70,"column":61},"end":{"line":74,"column":3}}},"4":{"name":"(anonymous_8)","decl":{"start":{"line":78,"column":2},"end":{"line":78,"column":7}},"loc":{"start":{"line":80,"column":48},"end":{"line":88,"column":3}}},"5":{"name":"(anonymous_9)","decl":{"start":{"line":90,"column":10},"end":{"line":90,"column":24}},"loc":{"start":{"line":90,"column":43},"end":{"line":94,"column":3}}}},"branchMap":{"0":{"loc":{"start":{"line":53,"column":4},"end":{"line":53,"column":60}},"type":"if","locations":[{"start":{"line":53,"column":4},"end":{"line":53,"column":60}}]},"1":{"loc":{"start":{"line":65,"column":4},"end":{"line":65,"column":60}},"type":"if","locations":[{"start":{"line":65,"column":4},"end":{"line":65,"column":60}}]},"2":{"loc":{"start":{"line":72,"column":4},"end":{"line":72,"column":60}},"type":"if","locations":[{"start":{"line":72,"column":4},"end":{"line":72,"column":60}}]},"3":{"loc":{"start":{"line":86,"column":4},"end":{"line":86,"column":60}},"type":"if","locations":[{"start":{"line":86,"column":4},"end":{"line":86,"column":60}}]}},"s":{"0":1,"1":1,"2":1,"3":1,"4":1,"5":1,"6":1,"7":1,"8":1,"9":1,"10":1,"11":1,"12":1,"13":1,"14":5,"15":5,"16":5,"17":5,"18":2,"19":2,"20":1,"21":1,"22":1,"23":1,"24":0,"25":1,"26":1,"27":0,"28":1,"29":1,"30":1,"31":0,"32":1,"33":1,"34":1,"35":1,"36":1,"37":1,"38":1,"39":1},"f":{"0":5,"1":2,"2":1,"3":1,"4":1,"5":1},"b":{"0":[1],"1":[0],"2":[0],"3":[0]}}
,"C:\\Users\\Kauan\\Documents\\Conecta-Geracao\\apps\\backend\\src\\modules\\notifications\\presentation\\dto\\deactivate-device-token.dto.ts": {"path":"C:\\Users\\Kauan\\Documents\\Conecta-Geracao\\apps\\backend\\src\\modules\\notifications\\presentation\\dto\\deactivate-device-token.dto.ts","statementMap":{"0":{"start":{"line":1,"column":0},"end":{"line":1,"column":46}},"1":{"start":{"line":2,"column":0},"end":{"line":2,"column":66}},"2":{"start":{"line":4,"column":0},"end":{"line":4,"column":13}},"3":{"start":{"line":9,"column":2},"end":{"line":9,"column":null}}},"fnMap":{},"branchMap":{},"s":{"0":1,"1":1,"2":1,"3":1},"f":{},"b":{}}
,"C:\\Users\\Kauan\\Documents\\Conecta-Geracao\\apps\\backend\\src\\modules\\notifications\\presentation\\dto\\register-device-token.dto.ts": {"path":"C:\\Users\\Kauan\\Documents\\Conecta-Geracao\\apps\\backend\\src\\modules\\notifications\\presentation\\dto\\register-device-token.dto.ts","statementMap":{"0":{"start":{"line":1,"column":0},"end":{"line":1,"column":46}},"1":{"start":{"line":2,"column":0},"end":{"line":2,"column":74}},"2":{"start":{"line":4,"column":0},"end":{"line":4,"column":13}},"3":{"start":{"line":9,"column":2},"end":{"line":9,"column":null}},"4":{"start":{"line":13,"column":2},"end":{"line":13,"column":null}}},"fnMap":{},"branchMap":{},"s":{"0":1,"1":1,"2":1,"3":1,"4":1},"f":{},"b":{}}
,"C:\\Users\\Kauan\\Documents\\Conecta-Geracao\\apps\\backend\\src\\modules\\notifications\\presentation\\dto\\update-notification-preference.dto.ts": {"path":"C:\\Users\\Kauan\\Documents\\Conecta-Geracao\\apps\\backend\\src\\modules\\notifications\\presentation\\dto\\update-notification-preference.dto.ts","statementMap":{"0":{"start":{"line":1,"column":0},"end":{"line":1,"column":46}},"1":{"start":{"line":2,"column":0},"end":{"line":2,"column":44}},"2":{"start":{"line":4,"column":0},"end":{"line":4,"column":13}},"3":{"start":{"line":7,"column":2},"end":{"line":7,"column":null}}},"fnMap":{},"branchMap":{},"s":{"0":1,"1":1,"2":1,"3":1},"f":{},"b":{}}
,"C:\\Users\\Kauan\\Documents\\Conecta-Geracao\\apps\\backend\\src\\modules\\notifications\\presentation\\mappers\\notifications.mapper.ts": {"path":"C:\\Users\\Kauan\\Documents\\Conecta-Geracao\\apps\\backend\\src\\modules\\notifications\\presentation\\mappers\\notifications.mapper.ts","statementMap":{"0":{"start":{"line":17,"column":0},"end":{"line":17,"column":16}},"1":{"start":{"line":30,"column":0},"end":{"line":30,"column":16}},"2":{"start":{"line":18,"column":2},"end":{"line":20,"column":3}},"3":{"start":{"line":19,"column":4},"end":{"line":19,"column":73}},"4":{"start":{"line":21,"column":2},"end":{"line":27,"column":4}},"5":{"start":{"line":33,"column":2},"end":{"line":36,"column":4}}},"fnMap":{"0":{"name":"toDeviceTokenDto","decl":{"start":{"line":17,"column":16},"end":{"line":17,"column":32}},"loc":{"start":{"line":17,"column":51},"end":{"line":28,"column":1}}},"1":{"name":"toNotificationPreferenceDto","decl":{"start":{"line":30,"column":16},"end":{"line":30,"column":43}},"loc":{"start":{"line":31,"column":36},"end":{"line":37,"column":1}}}},"branchMap":{"0":{"loc":{"start":{"line":18,"column":2},"end":{"line":20,"column":3}},"type":"if","locations":[{"start":{"line":18,"column":2},"end":{"line":20,"column":3}}]}},"s":{"0":2,"1":2,"2":2,"3":0,"4":2,"5":3},"f":{"0":2,"1":3},"b":{"0":[0]}}
}
