TN:
SF:src\modules\notifications\notifications.module.ts
FNF:0
FNH:0
DA:1,0
DA:2,0
DA:3,0
DA:4,0
DA:5,0
DA:6,0
DA:7,0
DA:8,0
DA:9,0
DA:10,0
DA:11,0
DA:32,0
LF:12
LH:0
BRF:0
BRH:0
end_of_record
TN:
SF:src\modules\notifications\application\ports\device-token.repository.ts
FNF:0
FNH:0
DA:3,3
LF:1
LH:1
BRF:0
BRH:0
end_of_record
TN:
SF:src\modules\notifications\application\ports\notification-preference.repository.ts
FNF:0
FNH:0
DA:3,4
LF:1
LH:1
BRF:0
BRH:0
end_of_record
TN:
SF:src\modules\notifications\application\ports\push-notification.provider.ts
FNF:0
FNH:0
DA:9,0
LF:1
LH:0
BRF:0
BRH:0
end_of_record
TN:
SF:src\modules\notifications\application\use-cases\deactivate-device-token.use-case.ts
FN:15,(anonymous_4)
FN:20,(anonymous_5)
FNF:2
FNH:2
FNDA:2,(anonymous_4)
FNDA:2,(anonymous_5)
DA:1,2
DA:2,2
DA:3,2
DA:4,2
DA:5,2
DA:6,2
DA:12,2
DA:13,2
DA:17,2
DA:24,2
DA:25,2
DA:26,2
DA:27,1
DA:29,1
DA:35,1
DA:37,1
DA:38,1
DA:40,0
LF:18
LH:17
BRDA:37,0,0,1
BRF:1
BRH:1
end_of_record
TN:
SF:src\modules\notifications\application\use-cases\get-notification-preference.use-case.ts
FN:13,(anonymous_4)
FN:18,(anonymous_5)
FNF:2
FNH:2
FNDA:1,(anonymous_4)
FNDA:1,(anonymous_5)
DA:1,2
DA:2,2
DA:4,2
DA:5,2
DA:6,2
DA:12,2
DA:15,1
DA:21,1
DA:22,1
DA:23,1
DA:24,1
DA:26,0
DA:27,0
DA:29,0
LF:14
LH:11
BRDA:26,0,0,0
BRF:1
BRH:0
end_of_record
TN:
SF:src\modules\notifications\application\use-cases\register-device-token.use-case.ts
FN:18,(anonymous_4)
FN:25,(anonymous_5)
FNF:2
FNH:2
FNDA:2,(anonymous_4)
FNDA:2,(anonymous_5)
DA:1,2
DA:2,2
DA:3,2
DA:4,2
DA:5,2
DA:9,2
DA:15,2
DA:16,2
DA:20,2
DA:22,2
DA:30,2
DA:31,2
DA:32,1
DA:33,1
DA:35,1
DA:42,1
DA:44,1
DA:45,1
DA:47,0
LF:19
LH:18
BRDA:44,0,0,1
BRF:1
BRH:1
end_of_record
TN:
SF:src\modules\notifications\application\use-cases\update-notification-preference.use-case.ts
FN:15,(anonymous_4)
FN:20,(anonymous_5)
FNF:2
FNH:2
FNDA:2,(anonymous_4)
FNDA:2,(anonymous_5)
DA:1,2
DA:2,2
DA:3,2
DA:4,2
DA:5,2
DA:6,2
DA:12,2
DA:13,2
DA:17,2
DA:24,2
DA:25,2
DA:26,2
DA:27,2
DA:28,2
DA:29,2
DA:31,2
DA:37,2
DA:39,0
DA:40,0
DA:42,0
LF:20
LH:17
BRDA:27,0,0,2
BRDA:27,0,1,1
BRDA:39,1,0,0
BRF:3
BRH:2
end_of_record
TN:
SF:src\modules\notifications\domain\entities\device-token.entity.ts
FN:26,(anonymous_0)
FN:46,(anonymous_1)
FN:67,(anonymous_2)
FN:80,(anonymous_3)
FN:94,(anonymous_4)
FNF:5
FNH:3
FNDA:4,(anonymous_0)
FNDA:2,(anonymous_1)
FNDA:3,(anonymous_2)
FNDA:0,(anonymous_3)
FNDA:0,(anonymous_4)
DA:1,3
DA:2,3
DA:3,3
DA:16,3
DA:36,4
DA:37,4
DA:38,4
DA:39,4
DA:40,4
DA:41,4
DA:42,4
DA:43,4
DA:51,2
DA:52,2
DA:53,1
DA:54,1
DA:56,1
DA:68,3
DA:81,0
DA:82,0
DA:95,0
LF:21
LH:18
BRDA:73,0,0,3
BRDA:73,0,1,0
BRDA:74,1,0,3
BRDA:74,1,1,0
BRDA:75,2,0,3
BRDA:75,2,1,0
BRDA:76,3,0,3
BRDA:76,3,1,0
BRF:8
BRH:4
end_of_record
TN:
SF:src\modules\notifications\domain\entities\notification-preference.entity.ts
FN:16,(anonymous_0)
FN:28,(anonymous_1)
FN:39,(anonymous_2)
FN:48,(anonymous_3)
FNF:4
FNH:4
FNDA:11,(anonymous_0)
FNDA:3,(anonymous_1)
FNDA:4,(anonymous_2)
FNDA:4,(anonymous_3)
DA:1,4
DA:10,4
DA:22,11
DA:23,11
DA:24,11
DA:25,11
DA:29,3
DA:30,3
DA:31,3
DA:40,4
DA:49,4
LF:11
LH:11
BRDA:42,0,0,4
BRDA:42,0,1,0
BRDA:43,1,0,4
BRDA:43,1,1,4
BRDA:44,2,0,4
BRDA:44,2,1,1
BRF:6
BRH:5
end_of_record
TN:
SF:src\modules\notifications\domain\errors\domain.errors.ts
FN:8,(anonymous_0)
FN:18,(anonymous_1)
FN:24,(anonymous_2)
FN:30,(anonymous_3)
FN:36,(anonymous_4)
FNF:5
FNH:5
FNDA:9,(anonymous_0)
FNDA:5,(anonymous_1)
FNDA:1,(anonymous_2)
FNDA:1,(anonymous_3)
FNDA:2,(anonymous_4)
DA:7,11
DA:9,9
DA:12,9
DA:13,9
DA:17,11
DA:19,5
DA:23,11
DA:25,1
DA:29,11
DA:31,1
DA:35,11
DA:37,2
LF:12
LH:12
BRDA:18,0,0,1
BRDA:30,1,0,1
BRF:2
BRH:2
end_of_record
TN:
SF:src\modules\notifications\domain\services\push-notification-payload.policy.ts
FN:6,(anonymous_1)
FNF:1
FNH:1
FNDA:1,(anonymous_1)
DA:1,1
DA:5,1
DA:9,1
DA:10,0
LF:4
LH:3
BRDA:9,0,0,0
BRDA:9,1,0,1
BRDA:9,1,1,1
BRDA:9,1,2,1
BRF:4
BRH:3
end_of_record
TN:
SF:src\modules\notifications\domain\value-objects\device-platform.vo.ts
FN:6,(anonymous_0)
FN:8,(anonymous_1)
FNF:2
FNH:2
FNDA:6,(anonymous_0)
FNDA:7,(anonymous_1)
DA:1,4
DA:5,4
DA:6,6
DA:9,7
DA:10,6
DA:12,1
LF:6
LH:6
BRDA:9,0,0,6
BRDA:9,1,0,7
BRDA:9,1,1,5
BRF:3
BRH:3
end_of_record
TN:
SF:src\modules\notifications\domain\value-objects\fcm-token.vo.ts
FN:6,(anonymous_0)
FN:8,(anonymous_1)
FNF:2
FNH:2
FNDA:6,(anonymous_0)
FNDA:10,(anonymous_1)
DA:1,5
DA:3,5
DA:5,5
DA:6,6
DA:9,10
DA:10,10
DA:11,4
DA:15,6
LF:8
LH:8
BRDA:10,0,0,4
BRF:1
BRH:1
end_of_record
TN:
SF:src\modules\notifications\domain\value-objects\firebase-uid.vo.ts
FN:4,(anonymous_0)
FN:6,(anonymous_1)
FNF:2
FNH:2
FNDA:11,(anonymous_0)
FNDA:12,(anonymous_1)
DA:1,7
DA:3,7
DA:4,11
DA:7,12
DA:8,12
DA:9,1
DA:11,11
LF:7
LH:7
BRDA:8,0,0,1
BRF:1
BRH:1
end_of_record
TN:
SF:src\modules\notifications\domain\value-objects\notification-type.vo.ts
FN:4,(anonymous_0)
FN:6,(anonymous_1)
FN:10,(anonymous_2)
FN:14,(anonymous_3)
FN:18,(anonymous_4)
FN:22,(anonymous_5)
FNF:6
FNH:6
FNDA:6,(anonymous_0)
FNDA:3,(anonymous_1)
FNDA:1,(anonymous_2)
FNDA:1,(anonymous_3)
FNDA:1,(anonymous_4)
FNDA:6,(anonymous_5)
DA:3,3
DA:4,6
DA:7,3
DA:11,1
DA:15,1
DA:19,1
DA:23,6
DA:25,2
DA:27,1
DA:29,1
DA:31,1
DA:33,1
LF:12
LH:12
BRDA:23,0,0,2
BRDA:23,0,1,1
BRDA:23,0,2,1
BRDA:23,0,3,1
BRDA:23,0,4,1
BRF:5
BRH:5
end_of_record
TN:
SF:src\modules\notifications\domain\value-objects\push-notification.vo.ts
FN:26,(anonymous_0)
FN:40,(anonymous_1)
FNF:2
FNH:2
FNDA:2,(anonymous_0)
FNDA:4,(anonymous_1)
DA:1,2
DA:2,2
DA:12,2
DA:19,2
DA:33,2
DA:34,2
DA:35,2
DA:36,2
DA:37,2
DA:41,4
DA:42,4
DA:43,4
DA:45,4
DA:46,1
DA:51,3
DA:52,3
DA:53,12
DA:54,1
DA:60,2
LF:19
LH:19
BRDA:45,0,0,1
BRDA:45,1,0,4
BRDA:45,1,1,3
BRDA:45,1,2,3
BRDA:53,2,0,1
BRDA:65,3,0,2
BRDA:65,3,1,1
BRF:7
BRH:7
end_of_record
TN:
SF:src\modules\notifications\infrastructure\persistence\prisma-device-token.repository.ts
FN:11,(anonymous_2)
FN:13,(anonymous_3)
FN:38,(anonymous_4)
FN:43,(anonymous_5)
FN:46,(anonymous_6)
FN:56,(anonymous_7)
FNF:6
FNH:0
FNDA:0,(anonymous_2)
FNDA:0,(anonymous_3)
FNDA:0,(anonymous_4)
FNDA:0,(anonymous_5)
FNDA:0,(anonymous_6)
FNDA:0,(anonymous_7)
DA:1,0
DA:3,0
DA:5,0
DA:6,0
DA:7,0
DA:10,0
DA:11,0
DA:14,0
DA:35,0
DA:39,0
DA:43,0
DA:50,0
DA:66,0
LF:13
LH:0
BRF:0
BRH:0
end_of_record
TN:
SF:src\modules\notifications\infrastructure\persistence\prisma-notification-preference.repository.ts
FN:10,(anonymous_2)
FN:12,(anonymous_3)
FN:20,(anonymous_4)
FN:34,(anonymous_5)
FN:40,(anonymous_6)
FNF:5
FNH:0
FNDA:0,(anonymous_2)
FNDA:0,(anonymous_3)
FNDA:0,(anonymous_4)
FNDA:0,(anonymous_5)
FNDA:0,(anonymous_6)
DA:1,0
DA:2,0
DA:4,0
DA:7,0
DA:10,0
DA:13,0
DA:16,0
DA:17,0
DA:21,0
DA:31,0
DA:35,0
DA:36,0
DA:37,0
DA:46,0
LF:14
LH:0
BRDA:16,0,0,0
BRDA:36,1,0,0
BRF:2
BRH:0
end_of_record
TN:
SF:src\modules\notifications\presentation\notifications.controller.ts
FN:34,(anonymous_4)
FN:44,(anonymous_5)
FN:60,(anonymous_6)
FN:70,(anonymous_7)
FN:78,(anonymous_8)
FN:90,(anonymous_9)
FNF:6
FNH:6
FNDA:5,(anonymous_4)
FNDA:2,(anonymous_5)
FNDA:1,(anonymous_6)
FNDA:1,(anonymous_7)
FNDA:1,(anonymous_8)
FNDA:1,(anonymous_9)
DA:1,1
DA:12,1
DA:13,1
DA:14,1
DA:15,1
DA:17,1
DA:18,1
DA:19,1
DA:20,1
DA:21,1
DA:22,1
DA:23,1
DA:24,1
DA:33,1
DA:35,5
DA:36,5
DA:37,5
DA:38,5
DA:44,1
DA:48,2
DA:53,2
DA:54,1
DA:60,1
DA:64,1
DA:65,1
DA:70,1
DA:71,1
DA:72,1
DA:73,1
DA:78,1
DA:82,1
DA:86,1
DA:87,1
DA:91,1
LF:34
LH:34
BRDA:53,0,0,1
BRDA:65,1,0,0
BRDA:72,2,0,0
BRDA:86,3,0,0
BRF:4
BRH:1
end_of_record
TN:
SF:src\modules\notifications\presentation\dto\deactivate-device-token.dto.ts
FNF:0
FNH:0
DA:1,1
DA:2,1
DA:4,1
DA:9,1
LF:4
LH:4
BRF:0
BRH:0
end_of_record
TN:
SF:src\modules\notifications\presentation\dto\register-device-token.dto.ts
FNF:0
FNH:0
DA:1,1
DA:2,1
DA:4,1
DA:9,1
DA:13,1
LF:5
LH:5
BRF:0
BRH:0
end_of_record
TN:
SF:src\modules\notifications\presentation\dto\update-notification-preference.dto.ts
FNF:0
FNH:0
DA:1,1
DA:2,1
DA:4,1
DA:7,1
LF:4
LH:4
BRF:0
BRH:0
end_of_record
TN:
SF:src\modules\notifications\presentation\mappers\notifications.mapper.ts
FN:17,toDeviceTokenDto
FN:30,toNotificationPreferenceDto
FNF:2
FNH:2
FNDA:2,toDeviceTokenDto
FNDA:3,toNotificationPreferenceDto
DA:17,2
DA:18,2
DA:19,0
DA:21,2
DA:30,2
DA:33,3
LF:6
LH:5
BRDA:18,0,0,0
BRF:1
BRH:0
end_of_record
